-------------------------------------------------------------------------------
Test set: com.springb.students.StudentsApplicationTests
-------------------------------------------------------------------------------
Tests run: 1, Failures: 0, Errors: 1, Skipped: 0, Time elapsed: 7.429 s <<< FAILURE! - in com.springb.students.StudentsApplicationTests
contextLoads  Time elapsed: 0.025 s  <<< ERROR!
java.lang.IllegalStateException: Failed to load ApplicationContext
Caused by: org.springframework.beans.factory.UnsatisfiedDependencyException: Error creating bean with name 'mainController': Unsatisfied dependency expressed through field 'studentService'; nested exception is org.springframework.beans.factory.UnsatisfiedDependencyException: Error creating bean with name 'studentServiceImpl': Unsatisfied dependency expressed through field 'studentDAO'; nested exception is org.springframework.beans.factory.BeanCreationException: Error creating bean with name 'studentDAO' defined in com.springb.students.DAO.StudentDAO defined in @EnableJpaRepositories declared on StudentDBConfig: Invocation of init method failed; nested exception is org.springframework.data.repository.query.QueryCreationException: Could not create query for public abstract java.util.List com.springb.students.DAO.StudentDAO.findByFirstName(java.lang.String); Reason: Validation failed for query for method public abstract java.util.List com.springb.students.DAO.StudentDAO.findByFirstName(java.lang.String)!; nested exception is java.lang.IllegalArgumentException: Validation failed for query for method public abstract java.util.List com.springb.students.DAO.StudentDAO.findByFirstName(java.lang.String)!
Caused by: org.springframework.beans.factory.UnsatisfiedDependencyException: Error creating bean with name 'studentServiceImpl': Unsatisfied dependency expressed through field 'studentDAO'; nested exception is org.springframework.beans.factory.BeanCreationException: Error creating bean with name 'studentDAO' defined in com.springb.students.DAO.StudentDAO defined in @EnableJpaRepositories declared on StudentDBConfig: Invocation of init method failed; nested exception is org.springframework.data.repository.query.QueryCreationException: Could not create query for public abstract java.util.List com.springb.students.DAO.StudentDAO.findByFirstName(java.lang.String); Reason: Validation failed for query for method public abstract java.util.List com.springb.students.DAO.StudentDAO.findByFirstName(java.lang.String)!; nested exception is java.lang.IllegalArgumentException: Validation failed for query for method public abstract java.util.List com.springb.students.DAO.StudentDAO.findByFirstName(java.lang.String)!
Caused by: org.springframework.beans.factory.BeanCreationException: Error creating bean with name 'studentDAO' defined in com.springb.students.DAO.StudentDAO defined in @EnableJpaRepositories declared on StudentDBConfig: Invocation of init method failed; nested exception is org.springframework.data.repository.query.QueryCreationException: Could not create query for public abstract java.util.List com.springb.students.DAO.StudentDAO.findByFirstName(java.lang.String); Reason: Validation failed for query for method public abstract java.util.List com.springb.students.DAO.StudentDAO.findByFirstName(java.lang.String)!; nested exception is java.lang.IllegalArgumentException: Validation failed for query for method public abstract java.util.List com.springb.students.DAO.StudentDAO.findByFirstName(java.lang.String)!
Caused by: org.springframework.data.repository.query.QueryCreationException: Could not create query for public abstract java.util.List com.springb.students.DAO.StudentDAO.findByFirstName(java.lang.String); Reason: Validation failed for query for method public abstract java.util.List com.springb.students.DAO.StudentDAO.findByFirstName(java.lang.String)!; nested exception is java.lang.IllegalArgumentException: Validation failed for query for method public abstract java.util.List com.springb.students.DAO.StudentDAO.findByFirstName(java.lang.String)!
Caused by: java.lang.IllegalArgumentException: Validation failed for query for method public abstract java.util.List com.springb.students.DAO.StudentDAO.findByFirstName(java.lang.String)!
Caused by: java.lang.IllegalArgumentException: org.hibernate.hql.internal.ast.QuerySyntaxException: unexpected token: and near line 1, column 8 [select and.firstName from com.springb.students.entity.Teacher and where firstName=:name]
Caused by: org.hibernate.hql.internal.ast.QuerySyntaxException: unexpected token: and near line 1, column 8 [select and.firstName from com.springb.students.entity.Teacher and where firstName=:name]

